<?xml version="1.0" encoding="UTF-8"?>
<testsuite name="CodeSharingPlatformTest" tests="1" skipped="0" failures="0" errors="0" timestamp="2020-12-26T11:13:26" hostname="DESKTOP-TKG0H6F" time="11.664">
  <properties/>
  <testcase name="start" classname="CodeSharingPlatformTest" time="11.664"/>
  <system-out><![CDATA[?[1;31m
Start test 1?[0m

  .   ____          _            __ _ _
 /\\ / ___'_ __ _ _(_)_ __  __ _ \ \ \ \
( ( )\___ | '_ | '_| | '_ \/ _` | \ \ \ \
 \\/  ___)| |_)| | | | | || (_| |  ) ) ) )
  '  |____| .__|_| |_|_| |_\__, | / / / /
 =========|_|==============|___/=/_/_/_/
 :: Spring Boot ::        (v2.3.3.RELEASE)

2020-12-26 14:13:26.448  INFO 13492 --- [    Test worker] platform.CodeSharingPlatform             : Starting CodeSharingPlatform on DESKTOP-TKG0H6F with PID 13492 (started by safil in C:\Users\safil\IdeaProjects\Code Sharing Platform\Code Sharing Platform\task)
2020-12-26 14:13:26.450  INFO 13492 --- [    Test worker] platform.CodeSharingPlatform             : No active profile set, falling back to default profiles: default
2020-12-26 14:13:27.130  INFO 13492 --- [    Test worker] .s.d.r.c.RepositoryConfigurationDelegate : Bootstrapping Spring Data JPA repositories in DEFERRED mode.
2020-12-26 14:13:27.177  INFO 13492 --- [    Test worker] .s.d.r.c.RepositoryConfigurationDelegate : Finished Spring Data repository scanning in 40ms. Found 1 JPA repository interfaces.
2020-12-26 14:13:27.558  INFO 13492 --- [    Test worker] o.s.b.w.embedded.tomcat.TomcatWebServer  : Tomcat initialized with port(s): 8889 (http)
2020-12-26 14:13:27.568  INFO 13492 --- [    Test worker] o.apache.catalina.core.StandardService   : Starting service [Tomcat]
2020-12-26 14:13:27.569  INFO 13492 --- [    Test worker] org.apache.catalina.core.StandardEngine  : Starting Servlet engine: [Apache Tomcat/9.0.37]
2020-12-26 14:13:27.666  INFO 13492 --- [    Test worker] o.a.c.c.C.[Tomcat].[localhost].[/]       : Initializing Spring embedded WebApplicationContext
2020-12-26 14:13:27.666  INFO 13492 --- [    Test worker] w.s.c.ServletWebServerApplicationContext : Root WebApplicationContext: initialization completed in 1177 ms
2020-12-26 14:13:27.762  INFO 13492 --- [    Test worker] com.zaxxer.hikari.HikariDataSource       : HikariPool-1 - Starting...
2020-12-26 14:13:27.895  INFO 13492 --- [    Test worker] com.zaxxer.hikari.HikariDataSource       : HikariPool-1 - Start completed.
2020-12-26 14:13:27.903  INFO 13492 --- [    Test worker] o.s.b.a.h2.H2ConsoleAutoConfiguration    : H2 console available at '/h2-console'. Database available at 'jdbc:h2:file:../snippets'
2020-12-26 14:13:28.058  INFO 13492 --- [    Test worker] o.s.s.concurrent.ThreadPoolTaskExecutor  : Initializing ExecutorService 'applicationTaskExecutor'
2020-12-26 14:13:28.092  INFO 13492 --- [         task-1] o.hibernate.jpa.internal.util.LogHelper  : HHH000204: Processing PersistenceUnitInfo [name: default]
2020-12-26 14:13:28.124  WARN 13492 --- [    Test worker] JpaBaseConfiguration$JpaWebConfiguration : spring.jpa.open-in-view is enabled by default. Therefore, database queries may be performed during view rendering. Explicitly configure spring.jpa.open-in-view to disable this warning
2020-12-26 14:13:28.137  INFO 13492 --- [         task-1] org.hibernate.Version                    : HHH000412: Hibernate ORM core version 5.4.20.Final
2020-12-26 14:13:28.269  INFO 13492 --- [         task-1] o.hibernate.annotations.common.Version   : HCANN000001: Hibernate Commons Annotations {5.1.0.Final}
2020-12-26 14:13:28.364  INFO 13492 --- [         task-1] org.hibernate.dialect.Dialect            : HHH000400: Using dialect: org.hibernate.dialect.H2Dialect
2020-12-26 14:13:28.865  INFO 13492 --- [         task-1] o.h.e.t.j.p.i.JtaPlatformInitiator       : HHH000490: Using JtaPlatform implementation: [org.hibernate.engine.transaction.jta.platform.internal.NoJtaPlatform]
2020-12-26 14:13:28.870  INFO 13492 --- [         task-1] j.LocalContainerEntityManagerFactoryBean : Initialized JPA EntityManagerFactory for persistence unit 'default'
2020-12-26 14:13:28.933  INFO 13492 --- [    Test worker] o.s.b.a.e.web.EndpointLinksResolver      : Exposing 14 endpoint(s) beneath base path '/actuator'
2020-12-26 14:13:28.972  INFO 13492 --- [    Test worker] o.s.b.w.embedded.tomcat.TomcatWebServer  : Tomcat started on port(s): 8889 (http) with context path ''
2020-12-26 14:13:28.973  INFO 13492 --- [    Test worker] DeferredRepositoryInitializationListener : Triggering deferred initialization of Spring Data repositories…
2020-12-26 14:13:29.182  INFO 13492 --- [    Test worker] DeferredRepositoryInitializationListener : Spring Data repositories initialized!
2020-12-26 14:13:29.193  INFO 13492 --- [    Test worker] platform.CodeSharingPlatform             : Started CodeSharingPlatform in 2.998 seconds (JVM running for 3.506)
2020-12-26 14:13:29.432  INFO 13492 --- [nio-8889-exec-1] o.a.c.c.C.[Tomcat].[localhost].[/]       : Initializing Spring DispatcherServlet 'dispatcherServlet'
2020-12-26 14:13:29.433  INFO 13492 --- [nio-8889-exec-1] o.s.web.servlet.DispatcherServlet        : Initializing Servlet 'dispatcherServlet'
2020-12-26 14:13:29.439  INFO 13492 --- [nio-8889-exec-1] o.s.web.servlet.DispatcherServlet        : Completed initialization in 6 ms
?[1;31m
Start test 2?[0m
?[1;31m
Start test 3?[0m
?[1;31m
Start test 4?[0m
?[1;31m
Start test 5?[0m
?[1;31m
Start test 6?[0m
?[1;31m
Start test 7?[0m
?[1;31m
Start test 8?[0m
?[1;31m
Start test 9?[0m
?[1;31m
Start test 10?[0m
?[1;31m
Start test 11?[0m
?[1;31m
Start test 12?[0m
?[1;31m
Start test 13?[0m
?[1;31m
Start test 14?[0m
?[1;31m
Start test 15?[0m
?[1;31m
Start test 16?[0m
?[1;31m
Start test 17?[0m
?[1;31m
Start test 18?[0m
?[1;31m
Start test 19?[0m
?[1;31m
Start test 20?[0m
?[1;31m
Start test 21?[0m
?[1;31m
Start test 22?[0m
?[1;31m
Start test 23?[0m
?[1;31m
Start test 24?[0m
?[1;31m
Start test 25?[0m
?[1;31m
Start test 26?[0m
?[1;31m
Start test 27?[0m
?[1;31m
Start test 28?[0m
?[1;31m
Start test 29?[0m
?[1;31m
Start test 30?[0m
?[1;31m
Start test 31?[0m
?[1;31m
Start test 32?[0m
?[1;31m
Start test 33?[0m
?[1;31m
Start test 34?[0m
?[1;31m
Start test 35?[0m
?[1;31m
Start test 36?[0m
?[1;31m
Start test 37?[0m
?[1;31m
Start test 38?[0m
?[1;31m
Start test 39?[0m
?[1;31m
Start test 40?[0m
?[1;31m
Start test 41?[0m
?[1;31m
Start test 42?[0m
?[1;31m
Start test 43?[0m
?[1;31m
Start test 44?[0m
?[1;31m
Start test 45?[0m
?[1;31m
Start test 46?[0m
?[1;31m
Start test 47?[0m
?[1;31m
Start test 48?[0m
?[1;31m
Start test 49?[0m
?[1;31m
Start test 50?[0m
?[1;31m
Start test 51?[0m
?[1;31m
Start test 52?[0m
?[1;31m
Start test 53?[0m
?[1;31m
Start test 54?[0m
?[1;31m
Start test 55?[0m
?[1;31m
Start test 56?[0m
2020-12-26 14:13:30.735  INFO 13492 --- [       Thread-6] j.LocalContainerEntityManagerFactoryBean : Closing JPA EntityManagerFactory for persistence unit 'default'
2020-12-26 14:13:30.736  INFO 13492 --- [       Thread-6] o.s.s.concurrent.ThreadPoolTaskExecutor  : Shutting down ExecutorService 'applicationTaskExecutor'
2020-12-26 14:13:30.737  INFO 13492 --- [       Thread-6] com.zaxxer.hikari.HikariDataSource       : HikariPool-1 - Shutdown initiated...
2020-12-26 14:13:30.750  INFO 13492 --- [       Thread-6] com.zaxxer.hikari.HikariDataSource       : HikariPool-1 - Shutdown completed.

  .   ____          _            __ _ _
 /\\ / ___'_ __ _ _(_)_ __  __ _ \ \ \ \
( ( )\___ | '_ | '_| | '_ \/ _` | \ \ \ \
 \\/  ___)| |_)| | | | | || (_| |  ) ) ) )
  '  |____| .__|_| |_|_| |_\__, | / / / /
 =========|_|==============|___/=/_/_/_/
 :: Spring Boot ::        (v2.3.3.RELEASE)

2020-12-26 14:13:30.785  INFO 13492 --- [    Test worker] platform.CodeSharingPlatform             : Starting CodeSharingPlatform on DESKTOP-TKG0H6F with PID 13492 (started by safil in C:\Users\safil\IdeaProjects\Code Sharing Platform\Code Sharing Platform\task)
2020-12-26 14:13:30.785  INFO 13492 --- [    Test worker] platform.CodeSharingPlatform             : No active profile set, falling back to default profiles: default
2020-12-26 14:13:30.985  INFO 13492 --- [    Test worker] .s.d.r.c.RepositoryConfigurationDelegate : Bootstrapping Spring Data JPA repositories in DEFERRED mode.
2020-12-26 14:13:30.993  INFO 13492 --- [    Test worker] .s.d.r.c.RepositoryConfigurationDelegate : Finished Spring Data repository scanning in 7ms. Found 1 JPA repository interfaces.
2020-12-26 14:13:31.054  INFO 13492 --- [    Test worker] o.s.b.w.embedded.tomcat.TomcatWebServer  : Tomcat initialized with port(s): 8889 (http)
2020-12-26 14:13:31.054  INFO 13492 --- [    Test worker] o.apache.catalina.core.StandardService   : Starting service [Tomcat]
2020-12-26 14:13:31.055  INFO 13492 --- [    Test worker] org.apache.catalina.core.StandardEngine  : Starting Servlet engine: [Apache Tomcat/9.0.37]
2020-12-26 14:13:31.074  INFO 13492 --- [    Test worker] o.a.c.c.C.[Tomcat].[localhost].[/]       : Initializing Spring embedded WebApplicationContext
2020-12-26 14:13:31.074  INFO 13492 --- [    Test worker] w.s.c.ServletWebServerApplicationContext : Root WebApplicationContext: initialization completed in 287 ms
2020-12-26 14:13:31.102  INFO 13492 --- [    Test worker] com.zaxxer.hikari.HikariDataSource       : HikariPool-2 - Starting...
2020-12-26 14:13:31.109  INFO 13492 --- [    Test worker] com.zaxxer.hikari.HikariDataSource       : HikariPool-2 - Start completed.
2020-12-26 14:13:31.110  INFO 13492 --- [    Test worker] o.s.b.a.h2.H2ConsoleAutoConfiguration    : H2 console available at '/h2-console'. Database available at 'jdbc:h2:file:../snippets'
2020-12-26 14:13:31.143  INFO 13492 --- [    Test worker] o.s.s.concurrent.ThreadPoolTaskExecutor  : Initializing ExecutorService 'applicationTaskExecutor'
2020-12-26 14:13:31.147  INFO 13492 --- [         task-1] o.hibernate.jpa.internal.util.LogHelper  : HHH000204: Processing PersistenceUnitInfo [name: default]
2020-12-26 14:13:31.154  INFO 13492 --- [         task-1] org.hibernate.dialect.Dialect            : HHH000400: Using dialect: org.hibernate.dialect.H2Dialect
2020-12-26 14:13:31.158  WARN 13492 --- [    Test worker] JpaBaseConfiguration$JpaWebConfiguration : spring.jpa.open-in-view is enabled by default. Therefore, database queries may be performed during view rendering. Explicitly configure spring.jpa.open-in-view to disable this warning
2020-12-26 14:13:31.193  INFO 13492 --- [         task-1] o.h.e.t.j.p.i.JtaPlatformInitiator       : HHH000490: Using JtaPlatform implementation: [org.hibernate.engine.transaction.jta.platform.internal.NoJtaPlatform]
2020-12-26 14:13:31.193  INFO 13492 --- [         task-1] j.LocalContainerEntityManagerFactoryBean : Initialized JPA EntityManagerFactory for persistence unit 'default'
2020-12-26 14:13:31.281  INFO 13492 --- [    Test worker] o.s.b.a.e.web.EndpointLinksResolver      : Exposing 14 endpoint(s) beneath base path '/actuator'
2020-12-26 14:13:31.291  INFO 13492 --- [    Test worker] o.s.b.w.embedded.tomcat.TomcatWebServer  : Tomcat started on port(s): 8889 (http) with context path ''
2020-12-26 14:13:31.292  INFO 13492 --- [    Test worker] DeferredRepositoryInitializationListener : Triggering deferred initialization of Spring Data repositories…
2020-12-26 14:13:31.314  INFO 13492 --- [    Test worker] DeferredRepositoryInitializationListener : Spring Data repositories initialized!
2020-12-26 14:13:31.317  INFO 13492 --- [    Test worker] platform.CodeSharingPlatform             : Started CodeSharingPlatform in 0.553 seconds (JVM running for 5.63)
?[1;31m
Start test 57?[0m
2020-12-26 14:13:31.324  INFO 13492 --- [nio-8889-exec-1] o.a.c.c.C.[Tomcat].[localhost].[/]       : Initializing Spring DispatcherServlet 'dispatcherServlet'
2020-12-26 14:13:31.324  INFO 13492 --- [nio-8889-exec-1] o.s.web.servlet.DispatcherServlet        : Initializing Servlet 'dispatcherServlet'
2020-12-26 14:13:31.326  INFO 13492 --- [nio-8889-exec-1] o.s.web.servlet.DispatcherServlet        : Completed initialization in 2 ms
?[1;31m
Start test 58?[0m
?[1;31m
Start test 59?[0m
?[1;31m
Start test 60?[0m
?[1;31m
Start test 61?[0m
?[1;31m
Start test 62?[0m
?[1;31m
Start test 63?[0m
?[1;31m
Start test 64?[0m
?[1;31m
Start test 65?[0m
?[1;31m
Start test 66?[0m
?[1;31m
Start test 67?[0m
?[1;31m
Start test 68?[0m
?[1;31m
Start test 69?[0m
?[1;31m
Start test 70?[0m
?[1;31m
Start test 71?[0m
?[1;31m
Start test 72?[0m
?[1;31m
Start test 73?[0m
?[1;31m
Start test 74?[0m
?[1;31m
Start test 75?[0m
?[1;31m
Start test 76?[0m
?[1;31m
Start test 77?[0m
?[1;31m
Start test 78?[0m
?[1;31m
Start test 79?[0m
?[1;31m
Start test 80?[0m
?[1;31m
Start test 81?[0m
?[1;31m
Start test 82?[0m
?[1;31m
Start test 83?[0m
?[1;31m
Start test 84?[0m
?[1;31m
Start test 85?[0m
?[1;31m
Start test 86?[0m
?[1;31m
Start test 87?[0m
?[1;31m
Start test 88?[0m
?[1;31m
Start test 89?[0m
?[1;31m
Start test 90?[0m
?[1;31m
Start test 91?[0m
?[1;31m
Start test 92?[0m
?[1;31m
Start test 93?[0m
?[1;31m
Start test 94?[0m
?[1;31m
Start test 95?[0m
?[1;31m
Start test 96?[0m
?[1;31m
Start test 97?[0m
?[1;31m
Start test 98?[0m
?[1;31m
Start test 99?[0m
?[1;31m
Start test 100?[0m
?[1;31m
Start test 101?[0m
?[1;31m
Start test 102?[0m
?[1;31m
Start test 103?[0m
2020-12-26 14:13:37.083  INFO 13492 --- [       Thread-9] j.LocalContainerEntityManagerFactoryBean : Closing JPA EntityManagerFactory for persistence unit 'default'
2020-12-26 14:13:37.083  INFO 13492 --- [       Thread-9] o.s.s.concurrent.ThreadPoolTaskExecutor  : Shutting down ExecutorService 'applicationTaskExecutor'
2020-12-26 14:13:37.083  INFO 13492 --- [       Thread-9] com.zaxxer.hikari.HikariDataSource       : HikariPool-2 - Shutdown initiated...
2020-12-26 14:13:37.102  INFO 13492 --- [       Thread-9] com.zaxxer.hikari.HikariDataSource       : HikariPool-2 - Shutdown completed.

  .   ____          _            __ _ _
 /\\ / ___'_ __ _ _(_)_ __  __ _ \ \ \ \
( ( )\___ | '_ | '_| | '_ \/ _` | \ \ \ \
 \\/  ___)| |_)| | | | | || (_| |  ) ) ) )
  '  |____| .__|_| |_|_| |_\__, | / / / /
 =========|_|==============|___/=/_/_/_/
 :: Spring Boot ::        (v2.3.3.RELEASE)

2020-12-26 14:13:37.134  INFO 13492 --- [    Test worker] platform.CodeSharingPlatform             : Starting CodeSharingPlatform on DESKTOP-TKG0H6F with PID 13492 (started by safil in C:\Users\safil\IdeaProjects\Code Sharing Platform\Code Sharing Platform\task)
2020-12-26 14:13:37.134  INFO 13492 --- [    Test worker] platform.CodeSharingPlatform             : No active profile set, falling back to default profiles: default
2020-12-26 14:13:37.295  INFO 13492 --- [    Test worker] .s.d.r.c.RepositoryConfigurationDelegate : Bootstrapping Spring Data JPA repositories in DEFERRED mode.
2020-12-26 14:13:37.303  INFO 13492 --- [    Test worker] .s.d.r.c.RepositoryConfigurationDelegate : Finished Spring Data repository scanning in 7ms. Found 1 JPA repository interfaces.
2020-12-26 14:13:37.367  INFO 13492 --- [    Test worker] o.s.b.w.embedded.tomcat.TomcatWebServer  : Tomcat initialized with port(s): 8889 (http)
2020-12-26 14:13:37.368  INFO 13492 --- [    Test worker] o.apache.catalina.core.StandardService   : Starting service [Tomcat]
2020-12-26 14:13:37.368  INFO 13492 --- [    Test worker] org.apache.catalina.core.StandardEngine  : Starting Servlet engine: [Apache Tomcat/9.0.37]
2020-12-26 14:13:37.389  INFO 13492 --- [    Test worker] o.a.c.c.C.[Tomcat].[localhost].[/]       : Initializing Spring embedded WebApplicationContext
2020-12-26 14:13:37.389  INFO 13492 --- [    Test worker] w.s.c.ServletWebServerApplicationContext : Root WebApplicationContext: initialization completed in 253 ms
2020-12-26 14:13:37.413  INFO 13492 --- [    Test worker] com.zaxxer.hikari.HikariDataSource       : HikariPool-3 - Starting...
2020-12-26 14:13:37.416  INFO 13492 --- [    Test worker] com.zaxxer.hikari.HikariDataSource       : HikariPool-3 - Start completed.
2020-12-26 14:13:37.416  INFO 13492 --- [    Test worker] o.s.b.a.h2.H2ConsoleAutoConfiguration    : H2 console available at '/h2-console'. Database available at 'jdbc:h2:file:../snippets'
2020-12-26 14:13:37.450  INFO 13492 --- [    Test worker] o.s.s.concurrent.ThreadPoolTaskExecutor  : Initializing ExecutorService 'applicationTaskExecutor'
2020-12-26 14:13:37.453  INFO 13492 --- [         task-1] o.hibernate.jpa.internal.util.LogHelper  : HHH000204: Processing PersistenceUnitInfo [name: default]
2020-12-26 14:13:37.458  INFO 13492 --- [         task-1] org.hibernate.dialect.Dialect            : HHH000400: Using dialect: org.hibernate.dialect.H2Dialect
2020-12-26 14:13:37.466  WARN 13492 --- [    Test worker] JpaBaseConfiguration$JpaWebConfiguration : spring.jpa.open-in-view is enabled by default. Therefore, database queries may be performed during view rendering. Explicitly configure spring.jpa.open-in-view to disable this warning
2020-12-26 14:13:37.484  INFO 13492 --- [         task-1] o.h.e.t.j.p.i.JtaPlatformInitiator       : HHH000490: Using JtaPlatform implementation: [org.hibernate.engine.transaction.jta.platform.internal.NoJtaPlatform]
2020-12-26 14:13:37.484  INFO 13492 --- [         task-1] j.LocalContainerEntityManagerFactoryBean : Initialized JPA EntityManagerFactory for persistence unit 'default'
2020-12-26 14:13:37.566  INFO 13492 --- [    Test worker] o.s.b.a.e.web.EndpointLinksResolver      : Exposing 14 endpoint(s) beneath base path '/actuator'
2020-12-26 14:13:37.581  INFO 13492 --- [    Test worker] o.s.b.w.embedded.tomcat.TomcatWebServer  : Tomcat started on port(s): 8889 (http) with context path ''
2020-12-26 14:13:37.581  INFO 13492 --- [    Test worker] DeferredRepositoryInitializationListener : Triggering deferred initialization of Spring Data repositories…
2020-12-26 14:13:37.601  INFO 13492 --- [    Test worker] DeferredRepositoryInitializationListener : Spring Data repositories initialized!
2020-12-26 14:13:37.605  INFO 13492 --- [    Test worker] platform.CodeSharingPlatform             : Started CodeSharingPlatform in 0.491 seconds (JVM running for 11.918)
?[1;31m
Start test 104?[0m
?[1;31m
Start test 105?[0m
2020-12-26 14:13:37.608  INFO 13492 --- [nio-8889-exec-1] o.a.c.c.C.[Tomcat].[localhost].[/]       : Initializing Spring DispatcherServlet 'dispatcherServlet'
2020-12-26 14:13:37.609  INFO 13492 --- [nio-8889-exec-1] o.s.web.servlet.DispatcherServlet        : Initializing Servlet 'dispatcherServlet'
2020-12-26 14:13:37.610  INFO 13492 --- [nio-8889-exec-1] o.s.web.servlet.DispatcherServlet        : Completed initialization in 1 ms
?[1;31m
Start test 106?[0m
?[1;31m
Start test 107?[0m
?[1;31m
Start test 108?[0m
?[1;31m
Start test 109?[0m
?[1;31m
Start test 110?[0m
?[1;31m
Start test 111?[0m
?[1;31m
Start test 112?[0m
?[1;31m
Start test 113?[0m
?[1;31m
Start test 114?[0m
?[1;31m
Start test 115?[0m
?[1;31m
Start test 116?[0m
?[1;31m
Start test 117?[0m
?[1;31m
Start test 118?[0m
?[1;31m
Start test 119?[0m
]]></system-out>
  <system-err><![CDATA[]]></system-err>
</testsuite>
